C:\Program Files (x86)\MSBuild\Microsoft.Cpp\v4.0\V140\Microsoft.CppBuild.targets(368,5): warning MSB8004: Output Directory does not end with a trailing slash.  This build instance will add the slash as it is required to allow proper evaluation of the Output Directory.
  Microclasm.cpp
c:\users\jacob\documents\github\microclasm\microclasm\microclasm\gamedata.h(126): warning C4018: '<': signed/unsigned mismatch
c:\users\jacob\documents\github\microclasm\microclasm\microclasm\gamedata.h(127): warning C4244: 'argument': conversion from 'int' to 'float32', possible loss of data
c:\users\jacob\documents\github\microclasm\microclasm\microclasm\gamedata.h(240): warning C4244: 'argument': conversion from 'int' to 'float32', possible loss of data
c:\users\jacob\documents\github\microclasm\microclasm\microclasm\microclasm.cpp(262): warning C4244: 'argument': conversion from 'int' to 'float32', possible loss of data
c:\users\jacob\documents\github\microclasm\microclasm\microclasm\microclasm.cpp(314): warning C4244: 'argument': conversion from 'int' to 'float32', possible loss of data
c:\users\jacob\documents\github\microclasm\microclasm\microclasm\microclasm.cpp(370): warning C4244: 'argument': conversion from 'int' to 'float32', possible loss of data
c:\users\jacob\documents\github\microclasm\microclasm\microclasm\microclasm.cpp(546): warning C4244: '=': conversion from 'float' to 'int', possible loss of data
c:\users\jacob\documents\github\microclasm\microclasm\microclasm\microclasm.cpp(550): warning C4244: '=': conversion from 'float' to 'int', possible loss of data
c:\users\jacob\documents\github\microclasm\microclasm\microclasm\microclasm.cpp(600): warning C4018: '<': signed/unsigned mismatch
c:\users\jacob\documents\github\microclasm\microclasm\microclasm\microclasm.cpp(643): warning C4018: '<': signed/unsigned mismatch
c:\users\jacob\documents\github\microclasm\microclasm\microclasm\microclasm.cpp(668): warning C4018: '<': signed/unsigned mismatch
c:\users\jacob\documents\github\microclasm\microclasm\microclasm\microclasm.cpp(670): warning C4244: 'argument': conversion from 'double' to 'float32', possible loss of data
c:\users\jacob\documents\github\microclasm\microclasm\microclasm\microclasm.cpp(678): warning C4305: 'argument': truncation from 'double' to 'float'
c:\users\jacob\documents\github\microclasm\microclasm\microclasm\microclasm.cpp(698): warning C4018: '<': signed/unsigned mismatch
c:\users\jacob\documents\github\microclasm\microclasm\microclasm\microclasm.cpp(701): warning C4018: '<': signed/unsigned mismatch
c:\users\jacob\documents\github\microclasm\microclasm\microclasm\microclasm.cpp(735): warning C4018: '<': signed/unsigned mismatch
c:\users\jacob\documents\github\microclasm\microclasm\microclasm\microclasm.cpp(750): warning C4244: 'argument': conversion from 'int' to 'float32', possible loss of data
c:\users\jacob\documents\github\microclasm\microclasm\microclasm\microclasm.cpp(772): warning C4305: '-=': truncation from 'double' to 'float'
c:\users\jacob\documents\github\microclasm\microclasm\microclasm\microclasm.cpp(783): warning C4244: 'argument': conversion from 'float' to 'int', possible loss of data
c:\users\jacob\documents\github\microclasm\microclasm\microclasm\microclasm.cpp(791): warning C4018: '<': signed/unsigned mismatch
  Microclasm.vcxproj -> C:\Users\Jacob\Documents\GitHub\Microclasm\Microclasm\Microclasm\..\Build\Microclasm.exe
  Microclasm.vcxproj -> ..\Build\Microclasm.pdb (Full PDB)
