C:\Program Files (x86)\MSBuild\Microsoft.Cpp\v4.0\V140\Microsoft.CppBuild.targets(368,5): warning MSB8004: Output Directory does not end with a trailing slash.  This build instance will add the slash as it is required to allow proper evaluation of the Output Directory.
  Microclasm.cpp
c:\users\jacob\documents\github\microclasm\microclasm\microclasm\GameData.h(206): warning C4018: '<': signed/unsigned mismatch
c:\users\jacob\documents\github\microclasm\microclasm\microclasm\GameData.h(219): warning C4018: '<': signed/unsigned mismatch
c:\users\jacob\documents\github\microclasm\microclasm\microclasm\GameData.h(238): warning C4244: 'argument': conversion from 'int' to 'float32', possible loss of data
Microclasm.cpp(150): warning C4244: '=': conversion from 'float' to 'int', possible loss of data
Microclasm.cpp(154): warning C4244: '=': conversion from 'float' to 'int', possible loss of data
Microclasm.cpp(186): warning C4018: '<': signed/unsigned mismatch
Microclasm.cpp(189): warning C4018: '<': signed/unsigned mismatch
Microclasm.cpp(231): warning C4018: '<': signed/unsigned mismatch
Microclasm.cpp(267): warning C4018: '<': signed/unsigned mismatch
Microclasm.cpp(281): warning C4018: '<': signed/unsigned mismatch
Microclasm.cpp(291): warning C4244: 'argument': conversion from 'int' to 'float32', possible loss of data
  Generating code
  51 of 2206 functions ( 2.3%) were compiled, the rest were copied from previous compilation.
    44 functions were new in current compilation
    13 functions had inline decision re-evaluated but remain unchanged
  Finished generating code
  Microclasm.vcxproj -> C:\Users\Jacob\Documents\GitHub\Microclasm\Microclasm\Microclasm\..\Build\Microclasm.exe
  Microclasm.vcxproj -> ..\Build\Microclasm.pdb (Full PDB)
